
*** Running vivado
    with args -log main.vdi -applog -m64 -product Vivado -messageDb vivado.pb -mode batch -source main.tcl -notrace



****** Vivado v2020.1 (64-bit)
  **** SW Build 2902540 on Wed May 27 19:54:49 MDT 2020
  **** IP Build 2902112 on Wed May 27 22:43:36 MDT 2020
    ** Copyright 1986-2020 Xilinx, Inc. All Rights Reserved.

source main.tcl -notrace
create_project: Time (s): cpu = 00:00:06 ; elapsed = 00:00:06 . Memory (MB): peak = 1078.902 ; gain = 0.000
Command: link_design -top main -part xc7a35ticsg324-1L
Design is defaulting to srcset: sources_1
Design is defaulting to constrset: constrs_1
INFO: [Device 21-403] Loading part xc7a35ticsg324-1L
Netlist sorting complete. Time (s): cpu = 00:00:00 ; elapsed = 00:00:00.042 . Memory (MB): peak = 1078.902 ; gain = 0.000
INFO: [Netlist 29-17] Analyzing 669 Unisim elements for replacement
INFO: [Netlist 29-28] Unisim Transformation completed in 0 CPU seconds
WARNING: [Netlist 29-101] Netlist 'main' is not ideal for floorplanning, since the cellview 'main' contains a large number of primitives.  Please consider enabling hierarchy in synthesis if you want to do floorplanning.
INFO: [Project 1-479] Netlist was created with Vivado 2020.1
INFO: [Project 1-570] Preparing netlist for logic optimization
Parsing XDC File [D:/FPGA/KUZNECHIK_TAKE2/KUZNECHIK_TAKE2.srcs/constrs_1/new/main_constrain.xdc]
Finished Parsing XDC File [D:/FPGA/KUZNECHIK_TAKE2/KUZNECHIK_TAKE2.srcs/constrs_1/new/main_constrain.xdc]
INFO: [Opt 31-138] Pushed 0 inverter(s) to 0 load pin(s).
Netlist sorting complete. Time (s): cpu = 00:00:00 ; elapsed = 00:00:00.002 . Memory (MB): peak = 1078.902 ; gain = 0.000
INFO: [Project 1-111] Unisim Transformation Summary:
No Unisim elements were transformed.

7 Infos, 1 Warnings, 0 Critical Warnings and 0 Errors encountered.
link_design completed successfully
link_design: Time (s): cpu = 00:00:16 ; elapsed = 00:00:23 . Memory (MB): peak = 1078.902 ; gain = 0.000
Command: opt_design
Attempting to get a license for feature 'Implementation' and/or device 'xc7a35ti'
INFO: [Common 17-349] Got license for feature 'Implementation' and/or device 'xc7a35ti'
Running DRC as a precondition to command opt_design

Starting DRC Task
INFO: [DRC 23-27] Running DRC with 2 threads
ERROR: [DRC MDRV-1] Multiple Driver Nets: Net testKey1[0] has multiple drivers: outputBlockPo_OBUF[0]_inst_i_74/O, outputBlockPo_OBUF[0]_inst_i_77/O, outputBlockPo_OBUF[0]_inst_i_75/O, and outputBlockPo_OBUF[0]_inst_i_76/O.
ERROR: [DRC MDRV-1] Multiple Driver Nets: Net testKey1[1] has multiple drivers: outputBlockPo_OBUF[0]_inst_i_69/O, outputBlockPo_OBUF[0]_inst_i_66/O, outputBlockPo_OBUF[0]_inst_i_67/O, and outputBlockPo_OBUF[0]_inst_i_68/O.
ERROR: [DRC MDRV-1] Multiple Driver Nets: Net testKey1[2] has multiple drivers: outputBlockPo_OBUF[0]_inst_i_70/O, outputBlockPo_OBUF[0]_inst_i_71/O, outputBlockPo_OBUF[0]_inst_i_72/O, and outputBlockPo_OBUF[0]_inst_i_73/O.
ERROR: [DRC MDRV-1] Multiple Driver Nets: Net testKey1[3] has multiple drivers: outputBlockPo_OBUF[0]_inst_i_63/O, outputBlockPo_OBUF[0]_inst_i_64/O, outputBlockPo_OBUF[0]_inst_i_62/O, and outputBlockPo_OBUF[0]_inst_i_65/O.
ERROR: [DRC MDRV-1] Multiple Driver Nets: Net testKey1[4] has multiple drivers: outputBlockPo_OBUF[0]_inst_i_59/O, outputBlockPo_OBUF[0]_inst_i_58/O, outputBlockPo_OBUF[0]_inst_i_60/O, and outputBlockPo_OBUF[0]_inst_i_61/O.
ERROR: [DRC MDRV-1] Multiple Driver Nets: Net testKey1[5] has multiple drivers: outputBlockPo_OBUF[0]_inst_i_54/O, outputBlockPo_OBUF[0]_inst_i_55/O, outputBlockPo_OBUF[0]_inst_i_56/O, and outputBlockPo_OBUF[0]_inst_i_57/O.
ERROR: [DRC MDRV-1] Multiple Driver Nets: Net testKey1[6] has multiple drivers: outputBlockPo_OBUF[0]_inst_i_13/O, outputBlockPo_OBUF[0]_inst_i_14/O, outputBlockPo_OBUF[0]_inst_i_15/O, and outputBlockPo_OBUF[0]_inst_i_16/O.
ERROR: [DRC MDRV-1] Multiple Driver Nets: Net testKey1[7] has multiple drivers: outputBlockPo_OBUF[4]_inst_i_3/O, outputBlockPo_OBUF[4]_inst_i_4/O, outputBlockPo_OBUF[4]_inst_i_5/O, and outputBlockPo_OBUF[4]_inst_i_6/O.
ERROR: [DRC MDRV-1] Multiple Driver Nets: Net testKey2[0] has multiple drivers: outputBlockPo_OBUF[0]_inst_i_41/O, outputBlockPo_OBUF[0]_inst_i_43/O, outputBlockPo_OBUF[0]_inst_i_40/O, and outputBlockPo_OBUF[0]_inst_i_42/O.
ERROR: [DRC MDRV-1] Multiple Driver Nets: Net testKey2[1] has multiple drivers: outputBlockPo_OBUF[0]_inst_i_35/O, outputBlockPo_OBUF[0]_inst_i_32/O, outputBlockPo_OBUF[0]_inst_i_34/O, and outputBlockPo_OBUF[0]_inst_i_33/O.
ERROR: [DRC MDRV-1] Multiple Driver Nets: Net testKey2[2] has multiple drivers: outputBlockPo_OBUF[0]_inst_i_36/O, outputBlockPo_OBUF[0]_inst_i_37/O, outputBlockPo_OBUF[0]_inst_i_39/O, and outputBlockPo_OBUF[0]_inst_i_38/O.
ERROR: [DRC MDRV-1] Multiple Driver Nets: Net testKey2[3] has multiple drivers: outputBlockPo_OBUF[0]_inst_i_30/O, outputBlockPo_OBUF[0]_inst_i_29/O, outputBlockPo_OBUF[0]_inst_i_31/O, and outputBlockPo_OBUF[0]_inst_i_28/O.
ERROR: [DRC MDRV-1] Multiple Driver Nets: Net testKey2[4] has multiple drivers: outputBlockPo_OBUF[0]_inst_i_25/O, outputBlockPo_OBUF[0]_inst_i_26/O, outputBlockPo_OBUF[0]_inst_i_24/O, and outputBlockPo_OBUF[0]_inst_i_27/O.
ERROR: [DRC MDRV-1] Multiple Driver Nets: Net testKey2[5] has multiple drivers: outputBlockPo_OBUF[0]_inst_i_21/O, outputBlockPo_OBUF[0]_inst_i_20/O, outputBlockPo_OBUF[0]_inst_i_23/O, and outputBlockPo_OBUF[0]_inst_i_22/O.
ERROR: [DRC MDRV-1] Multiple Driver Nets: Net testKey2[6] has multiple drivers: outputBlockPo_OBUF[0]_inst_i_7/O, outputBlockPo_OBUF[0]_inst_i_6/O, outputBlockPo_OBUF[0]_inst_i_8/O, and outputBlockPo_OBUF[0]_inst_i_9/O.
ERROR: [DRC MDRV-1] Multiple Driver Nets: Net testKey2[7] has multiple drivers: g0_b0_i_11/O, g0_b0_i_12/O, g0_b0_i_13/O, and g0_b0_i_14/O.
INFO: [Project 1-461] DRC finished with 16 Errors
INFO: [Project 1-462] Please refer to the DRC report (report_drc) for more information.
ERROR: [Vivado_Tcl 4-78] Error(s) found during DRC. Opt_design not run.

Time (s): cpu = 00:00:04 ; elapsed = 00:00:03 . Memory (MB): peak = 1078.902 ; gain = 0.000
INFO: [Common 17-83] Releasing license: Implementation
12 Infos, 1 Warnings, 0 Critical Warnings and 17 Errors encountered.
opt_design failed
ERROR: [Common 17-39] 'opt_design' failed due to earlier errors.

INFO: [Common 17-206] Exiting Vivado at Thu Oct  8 14:50:35 2020...
