#-----------------------------------------------------------
# Vivado v2016.3 (64-bit)
# SW Build 1682563 on Mon Oct 10 19:07:27 MDT 2016
# IP Build 1681267 on Mon Oct 10 21:28:31 MDT 2016
# Start of session at: Thu Nov 25 16:34:54 2021
# Process ID: 18028
# Current directory: c:/Users/student/Борис/Лекции/Творческий проект/раздача ребятам/basic_project
# Command line: vivado.exe -gui_launcher_event rodinguilauncherevent17980 C:\Users\student\Борис\Лекции\Творческий проект\раздача ребятам\basic_project\basic_project.xpr
# Log file: c:/Users/student/Борис/Лекции/Творческий проект/раздача ребятам/basic_project/vivado.log
# Journal file: c:/Users/student/Борис/Лекции/Творческий проект/раздача ребятам/basic_project\vivado.jou
#-----------------------------------------------------------
start_guopopen_project {C:/Users/student/Борис/Лекции/Творческий проект/раздача ребятам/basic_project/basic_project.xpr}
Scanning sources...
Finished scanning sources
WARNING: [filemgmt 56-3] IP Output Repository Path: Could not find the directory 'C:/Users/student/Борис/Лекции/Творческий проект/раздача ребятам/basic_project/basic_project.cache/ip'.
INFO: [IP_Flow 19-234] Refreshing IP repositories
INFO: [IP_Flow 19-1704] No user IP repositories specified
INFO: [IP_Flow 19-2313] Loaded Vivado IP repository 'C:/Xilinx/Vivado/2016.3/data/ip'sysynth_design -rtl -name rtl_1
Command: synth_design -rtl -name rtl_1
Starting synth_design
Using part: xc7z010clg225-3
Top: main
---------------------------------------------------------------------------------
Starting RTL Elaboration : Time (s): cpu = 00:00:25 ; elapsed = 00:00:28 . Memory (MB): peak = 811.324 ; gain = 601.445
---------------------------------------------------------------------------------
INFO: [Synth 8-638] synthesizing module 'main' [C:/Users/student/Борис/Лекции/Творческий проект/раздача ребятам/basic_project/basic_project.srcs/sources_1/new/main.vhd:43]
INFO: [Synth 8-256] done synthesizing module 'main' (1#1) [C:/Users/student/Борис/Лекции/Творческий проект/раздача ребятам/basic_project/basic_project.srcs/sources_1/new/main.vhd:43]
