16:15:43 **** Build of project Blink_bsp ****
make -k all 
Running Make include in microblaze_0/libsrc/bram_v4_1/src
make -C microblaze_0/libsrc/bram_v4_1/src -s include  "SHELL=/bin/sh" "COMPILER=mb-gcc" "ARCHIVER=mb-ar" "COMPILER_FLAGS= -O2 -c -mcpu=v10.0 -mlittle-endian -mxl-soft-mul" "EXTRA_COMPILER_FLAGS=-g"
Running Make include in microblaze_0/libsrc/cpu_v2_5/src
make -C microblaze_0/libsrc/cpu_v2_5/src -s include  "SHELL=/bin/sh" "COMPILER=mb-gcc" "ARCHIVER=mb-ar" "COMPILER_FLAGS= -O2 -c -mcpu=v10.0 -mlittle-endian -mxl-soft-mul" "EXTRA_COMPILER_FLAGS=-g"
Running Make include in microblaze_0/libsrc/gpio_v4_2/src
make -C microblaze_0/libsrc/gpio_v4_2/src -s include  "SHELL=/bin/sh" "COMPILER=mb-gcc" "ARCHIVER=mb-ar" "COMPILER_FLAGS= -O2 -c -mcpu=v10.0 -mlittle-endian -mxl-soft-mul" "EXTRA_COMPILER_FLAGS=-g"
Running Make include in microblaze_0/libsrc/standalone_v6_0/src
make -C microblaze_0/libsrc/standalone_v6_0/src -s include  "SHELL=/bin/sh" "COMPILER=mb-gcc" "ARCHIVER=mb-ar" "COMPILER_FLAGS= -O2 -c -mcpu=v10.0 -mlittle-endian -mxl-soft-mul" "EXTRA_COMPILER_FLAGS=-g"
Running Make include in microblaze_0/libsrc/uartlite_v3_2/src
make -C microblaze_0/libsrc/uartlite_v3_2/src -s include  "SHELL=/bin/sh" "COMPILER=mb-gcc" "ARCHIVER=mb-ar" "COMPILER_FLAGS= -O2 -c -mcpu=v10.0 -mlittle-endian -mxl-soft-mul" "EXTRA_COMPILER_FLAGS=-g"
Running Make libs in microblaze_0/libsrc/bram_v4_1/src
make -C microblaze_0/libsrc/bram_v4_1/src -s libs  "SHELL=/bin/sh" "COMPILER=mb-gcc" "ARCHIVER=mb-ar" "COMPILER_FLAGS= -O2 -c -mcpu=v10.0 -mlittle-endian -mxl-soft-mul" "EXTRA_COMPILER_FLAGS=-g"
Compiling bram
Running Make libs in microblaze_0/libsrc/cpu_v2_5/src
make -C microblaze_0/libsrc/cpu_v2_5/src -s libs  "SHELL=/bin/sh" "COMPILER=mb-gcc" "ARCHIVER=mb-ar" "COMPILER_FLAGS= -O2 -c -mcpu=v10.0 -mlittle-endian -mxl-soft-mul" "EXTRA_COMPILER_FLAGS=-g"
Compiling cpu
Running Make libs in microblaze_0/libsrc/gpio_v4_2/src
make -C microblaze_0/libsrc/gpio_v4_2/src -s libs  "SHELL=/bin/sh" "COMPILER=mb-gcc" "ARCHIVER=mb-ar" "COMPILER_FLAGS= -O2 -c -mcpu=v10.0 -mlittle-endian -mxl-soft-mul" "EXTRA_COMPILER_FLAGS=-g"
Compiling gpio
Running Make libs in microblaze_0/libsrc/standalone_v6_0/src
make -C microblaze_0/libsrc/standalone_v6_0/src -s libs  "SHELL=/bin/sh" "COMPILER=mb-gcc" "ARCHIVER=mb-ar" "COMPILER_FLAGS= -O2 -c -mcpu=v10.0 -mlittle-endian -mxl-soft-mul" "EXTRA_COMPILER_FLAGS=-g"
Compiling standalone
Running Make libs in microblaze_0/libsrc/uartlite_v3_2/src
make -C microblaze_0/libsrc/uartlite_v3_2/src -s libs  "SHELL=/bin/sh" "COMPILER=mb-gcc" "ARCHIVER=mb-ar" "COMPILER_FLAGS= -O2 -c -mcpu=v10.0 -mlittle-endian -mxl-soft-mul" "EXTRA_COMPILER_FLAGS=-g"
Compiling uartlite
Finished building libraries

16:15:47 Build Finished (took 3s.960ms)

