21:45:10 INFO  : Registering command handlers for SDK TCF services
21:45:11 INFO  : Launching XSCT server: xsct -n -interactive /home/frizik/MOPEVM/fpga/Blink/Blink.sdk/temp_xsdb_launch_script.tcl
21:45:13 INFO  : XSCT server has started successfully.
21:45:13 INFO  : Successfully done setting XSCT server connection channel  
21:45:13 INFO  : Successfully done setting SDK workspace  
21:45:13 INFO  : Processing command line option -hwspec /home/frizik/MOPEVM/fpga/Blink/Blink.sdk/system_wrapper.hdf.
22:19:13 INFO  : Registering command handlers for SDK TCF services
22:19:14 INFO  : Launching XSCT server: xsct -n -interactive /home/frizik/MOPEVM/fpga/Blink/Blink.sdk/temp_xsdb_launch_script.tcl
22:19:15 INFO  : XSCT server has started successfully.
22:19:15 INFO  : Successfully done setting XSCT server connection channel  
22:19:15 INFO  : Successfully done setting SDK workspace  
22:19:15 INFO  : Processing command line option -hwspec /home/frizik/MOPEVM/fpga/Blink/Blink.sdk/system_wrapper.hdf.
22:19:18 INFO  : Checking for hwspec changes in the project system_wrapper_hw_platform_0.
15:48:08 INFO  : Registering command handlers for SDK TCF services
15:48:09 INFO  : Launching XSCT server: xsct -n -interactive /home/frizik/MOPEVM/fpga/Blink/Blink.sdk/temp_xsdb_launch_script.tcl
15:48:11 INFO  : XSCT server has started successfully.
15:48:11 INFO  : Successfully done setting XSCT server connection channel  
15:48:11 INFO  : Successfully done setting SDK workspace  
15:48:11 INFO  : Processing command line option -hwspec /home/frizik/MOPEVM/fpga/Blink/Blink.sdk/system_wrapper.hdf.
15:48:14 INFO  : Checking for hwspec changes in the project system_wrapper_hw_platform_0.
16:01:51 INFO  : Registering command handlers for SDK TCF services
16:01:52 INFO  : Launching XSCT server: xsct -n -interactive /home/frizik/MOPEVM/fpga/Blink/Blink.sdk/temp_xsdb_launch_script.tcl
16:01:54 INFO  : XSCT server has started successfully.
16:01:54 INFO  : Successfully done setting XSCT server connection channel  
16:01:54 INFO  : Successfully done setting SDK workspace  
16:01:54 INFO  : Processing command line option -hwspec /home/frizik/MOPEVM/fpga/Blink/Blink.sdk/system_wrapper.hdf.
16:01:55 INFO  : Checking for hwspec changes in the project system_wrapper_hw_platform_0.
16:18:54 INFO  : Connected to target on host '127.0.0.1' and port '3121'.
16:18:54 INFO  : Jtag cable 'Digilent Arty 210319A288FBA' is selected.
16:18:54 INFO  : 'jtag frequency' command is executed.
16:18:56 INFO  : 'targets -set -filter {jtag_cable_name =~ "Digilent Arty 210319A288FBA" && level==0} -index 0' command is executed.
16:18:57 INFO  : FPGA configured successfully with bitstream "/home/frizik/MOPEVM/fpga/Blink/Blink.runs/impl_1/system_wrapper.bit"
16:18:58 INFO  : Context for processor 'microblaze_0' is selected.
16:18:58 INFO  : Hardware design information is loaded from '/home/frizik/MOPEVM/fpga/Blink/Blink.sdk/system_wrapper_hw_platform_0/system.hdf'.
16:18:58 INFO  : Context for processor 'microblaze_0' is selected.
16:18:58 INFO  : System reset is completed.
16:19:01 INFO  : 'after 3000' command is executed.
16:19:01 INFO  : ----------------XSDB Script----------------
connect -url tcp:127.0.0.1:3121
targets -set -filter {jtag_cable_name =~ "Digilent Arty 210319A288FBA" && level==0} -index 0
fpga -file /home/frizik/MOPEVM/fpga/Blink/Blink.runs/impl_1/system_wrapper.bit
targets -set -nocase -filter {name =~ "microblaze*#0" && bscan=="USER2"  && jtag_cable_name =~ "Digilent Arty 210319A288FBA"} -index 0
loadhw /home/frizik/MOPEVM/fpga/Blink/Blink.sdk/system_wrapper_hw_platform_0/system.hdf
targets -set -nocase -filter {name =~ "microblaze*#0" && bscan=="USER2"  && jtag_cable_name =~ "Digilent Arty 210319A288FBA"} -index 0
rst -system
after 3000
----------------End of Script----------------

16:19:02 INFO  : Memory regions updated for context MicroBlaze #0
16:19:02 INFO  : Memory regions updated for context MicroBlaze #0
16:19:02 INFO  : Launch script is exported to file '/home/frizik/MOPEVM/fpga/Blink/Blink.sdk/.sdk/launch_scripts/xilinx_c-c++_application_(system_debugger)/system_debugger_on_local.tcl'
16:20:42 INFO  : Disconnected from the channel tcfchan#1.
16:20:43 INFO  : Connected to target on host '127.0.0.1' and port '3121'.
16:20:46 INFO  : Jtag cable 'Digilent Arty 210319A288FBA' is selected.
16:20:46 INFO  : 'jtag frequency' command is executed.
16:20:47 INFO  : 'targets -set -filter {jtag_cable_name =~ "Digilent Arty 210319A288FBA" && level==0} -index 0' command is executed.
16:20:51 INFO  : FPGA configured successfully with bitstream "/home/frizik/MOPEVM/fpga/Blink/Blink.runs/impl_1/system_wrapper.bit"
16:20:51 INFO  : Context for processor 'microblaze_0' is selected.
16:20:51 INFO  : Hardware design information is loaded from '/home/frizik/MOPEVM/fpga/Blink/Blink.sdk/system_wrapper_hw_platform_0/system.hdf'.
16:20:51 INFO  : Context for processor 'microblaze_0' is selected.
16:20:51 INFO  : System reset is completed.
16:20:54 INFO  : 'after 3000' command is executed.
16:20:54 INFO  : ----------------XSDB Script----------------
connect -url tcp:127.0.0.1:3121
targets -set -filter {jtag_cable_name =~ "Digilent Arty 210319A288FBA" && level==0} -index 0
fpga -file /home/frizik/MOPEVM/fpga/Blink/Blink.runs/impl_1/system_wrapper.bit
targets -set -nocase -filter {name =~ "microblaze*#0" && bscan=="USER2"  && jtag_cable_name =~ "Digilent Arty 210319A288FBA"} -index 0
loadhw /home/frizik/MOPEVM/fpga/Blink/Blink.sdk/system_wrapper_hw_platform_0/system.hdf
targets -set -nocase -filter {name =~ "microblaze*#0" && bscan=="USER2"  && jtag_cable_name =~ "Digilent Arty 210319A288FBA"} -index 0
rst -system
after 3000
----------------End of Script----------------

16:20:54 INFO  : Memory regions updated for context MicroBlaze #0
16:20:54 INFO  : Memory regions updated for context MicroBlaze #0
16:20:54 INFO  : Launch script is exported to file '/home/frizik/MOPEVM/fpga/Blink/Blink.sdk/.sdk/launch_scripts/xilinx_c-c++_application_(system_debugger)/system_debugger_on_local.tcl'
16:29:26 INFO  : Disconnected from the channel tcfchan#2.
16:29:50 INFO  : Registering command handlers for SDK TCF services
16:29:51 INFO  : Launching XSCT server: xsct -n -interactive /home/frizik/MOPEVM/fpga/Blink/Blink.sdk/temp_xsdb_launch_script.tcl
16:29:52 INFO  : XSCT server has started successfully.
16:29:52 INFO  : Successfully done setting XSCT server connection channel  
16:29:52 INFO  : Successfully done setting SDK workspace  
16:29:52 INFO  : Processing command line option -hwspec /home/frizik/MOPEVM/fpga/Blink/Blink.sdk/system_wrapper.hdf.
16:29:56 INFO  : Checking for hwspec changes in the project system_wrapper_hw_platform_0.
16:34:01 INFO  : Connected to target on host '127.0.0.1' and port '3121'.
16:34:01 INFO  : Jtag cable 'Digilent Arty 210319A288FBA' is selected.
16:34:01 INFO  : 'jtag frequency' command is executed.
16:34:02 INFO  : 'targets -set -filter {jtag_cable_name =~ "Digilent Arty 210319A288FBA" && level==0} -index 0' command is executed.
16:34:04 INFO  : FPGA configured successfully with bitstream "/home/frizik/MOPEVM/fpga/Blink/Blink.runs/impl_1/system_wrapper.bit"
16:34:05 INFO  : Context for processor 'microblaze_0' is selected.
16:34:05 INFO  : Hardware design information is loaded from '/home/frizik/MOPEVM/fpga/Blink/Blink.sdk/system_wrapper_hw_platform_0/system.hdf'.
16:34:05 INFO  : Context for processor 'microblaze_0' is selected.
16:34:06 INFO  : System reset is completed.
16:34:09 INFO  : 'after 3000' command is executed.
16:34:09 INFO  : ----------------XSDB Script----------------
connect -url tcp:127.0.0.1:3121
targets -set -filter {jtag_cable_name =~ "Digilent Arty 210319A288FBA" && level==0} -index 0
fpga -file /home/frizik/MOPEVM/fpga/Blink/Blink.runs/impl_1/system_wrapper.bit
targets -set -nocase -filter {name =~ "microblaze*#0" && bscan=="USER2"  && jtag_cable_name =~ "Digilent Arty 210319A288FBA"} -index 0
loadhw /home/frizik/MOPEVM/fpga/Blink/Blink.sdk/system_wrapper_hw_platform_0/system.hdf
targets -set -nocase -filter {name =~ "microblaze*#0" && bscan=="USER2"  && jtag_cable_name =~ "Digilent Arty 210319A288FBA"} -index 0
rst -system
after 3000
----------------End of Script----------------

16:34:09 INFO  : Memory regions updated for context MicroBlaze #0
16:34:09 INFO  : Memory regions updated for context MicroBlaze #0
16:34:09 INFO  : Launch script is exported to file '/home/frizik/MOPEVM/fpga/Blink/Blink.sdk/.sdk/launch_scripts/xilinx_c-c++_application_(system_debugger)/system_debugger_on_local.tcl'
16:54:43 INFO  : Disconnected from the channel tcfchan#1.
16:54:44 INFO  : Connected to target on host '127.0.0.1' and port '3121'.
16:54:44 INFO  : Jtag cable 'Digilent Arty 210319A288FBA' is selected.
16:54:44 INFO  : 'jtag frequency' command is executed.
16:54:45 INFO  : 'targets -set -filter {jtag_cable_name =~ "Digilent Arty 210319A288FBA" && level==0} -index 0' command is executed.
16:54:46 INFO  : FPGA configured successfully with bitstream "/home/frizik/MOPEVM/fpga/Blink/Blink.runs/impl_1/system_wrapper.bit"
16:54:46 INFO  : Context for processor 'microblaze_0' is selected.
16:54:46 INFO  : Hardware design information is loaded from '/home/frizik/MOPEVM/fpga/Blink/Blink.sdk/system_wrapper_hw_platform_0/system.hdf'.
16:54:46 INFO  : Context for processor 'microblaze_0' is selected.
16:54:46 INFO  : System reset is completed.
16:54:49 INFO  : 'after 3000' command is executed.
16:54:49 INFO  : ----------------XSDB Script----------------
connect -url tcp:127.0.0.1:3121
targets -set -filter {jtag_cable_name =~ "Digilent Arty 210319A288FBA" && level==0} -index 0
fpga -file /home/frizik/MOPEVM/fpga/Blink/Blink.runs/impl_1/system_wrapper.bit
targets -set -nocase -filter {name =~ "microblaze*#0" && bscan=="USER2"  && jtag_cable_name =~ "Digilent Arty 210319A288FBA"} -index 0
loadhw /home/frizik/MOPEVM/fpga/Blink/Blink.sdk/system_wrapper_hw_platform_0/system.hdf
targets -set -nocase -filter {name =~ "microblaze*#0" && bscan=="USER2"  && jtag_cable_name =~ "Digilent Arty 210319A288FBA"} -index 0
rst -system
after 3000
----------------End of Script----------------

16:54:49 INFO  : Memory regions updated for context MicroBlaze #0
16:54:49 INFO  : Memory regions updated for context MicroBlaze #0
16:54:49 INFO  : Launch script is exported to file '/home/frizik/MOPEVM/fpga/Blink/Blink.sdk/.sdk/launch_scripts/xilinx_c-c++_application_(system_debugger)/system_debugger_on_local.tcl'
17:22:34 INFO  : Disconnected from the channel tcfchan#2.
