
*** Running vivado
    with args -log system_clk_wiz_1_0.vds -m64 -product Vivado -mode batch -messageDb vivado.pb -notrace -source system_clk_wiz_1_0.tcl


****** Vivado v2016.3 (64-bit)
  **** SW Build 1682563 on Mon Oct 10 19:07:26 MDT 2016
  **** IP Build 1681267 on Mon Oct 10 21:28:31 MDT 2016
    ** Copyright 1986-2016 Xilinx, Inc. All Rights Reserved.

source system_clk_wiz_1_0.tcl -notrace
Starting RTL Elaboration : Time (s): cpu = 00:00:09 ; elapsed = 00:00:09 . Memory (MB): peak = 1090.422 ; gain = 209.309 ; free physical = 851 ; free virtual = 8758
INFO: [Synth 8-638] synthesizing module 'system_clk_wiz_1_0' [/home/frizik/MOPEVM/fpga/Blink/Blink.srcs/sources_1/bd/system/ip/system_clk_wiz_1_0/system_clk_wiz_1_0.v:70]
INFO: [Synth 8-638] synthesizing module 'system_clk_wiz_1_0_clk_wiz' [/home/frizik/MOPEVM/fpga/Blink/Blink.srcs/sources_1/bd/system/ip/system_clk_wiz_1_0/system_clk_wiz_1_0_clk_wiz.v:68]
INFO: [Synth 8-638] synthesizing module 'IBUF' [/home/frizik/MOPEVM/fpga/Xilinx/Vivado/2016.3/scripts/rt/data/unisim_comp.v:14146]
INFO: [Synth 8-256] done synthesizing module 'IBUF' (1#1) [/home/frizik/MOPEVM/fpga/Xilinx/Vivado/2016.3/scripts/rt/data/unisim_comp.v:14146]
INFO: [Synth 8-638] synthesizing module 'MMCME2_ADV' [/home/frizik/MOPEVM/fpga/Xilinx/Vivado/2016.3/scripts/rt/data/unisim_comp.v:20414]
INFO: [Synth 8-256] done synthesizing module 'MMCME2_ADV' (2#1) [/home/frizik/MOPEVM/fpga/Xilinx/Vivado/2016.3/scripts/rt/data/unisim_comp.v:20414]
INFO: [Synth 8-638] synthesizing module 'BUFG' [/home/frizik/MOPEVM/fpga/Xilinx/Vivado/2016.3/scripts/rt/data/unisim_comp.v:607]
INFO: [Synth 8-256] done synthesizing module 'BUFG' (3#1) [/home/frizik/MOPEVM/fpga/Xilinx/Vivado/2016.3/scripts/rt/data/unisim_comp.v:607]
INFO: [Synth 8-256] done synthesizing module 'system_clk_wiz_1_0_clk_wiz' (4#1) [/home/frizik/MOPEVM/fpga/Blink/Blink.srcs/sources_1/bd/system/ip/system_clk_wiz_1_0/system_clk_wiz_1_0_clk_wiz.v:68]
INFO: [Synth 8-256] done synthesizing module 'system_clk_wiz_1_0' (5#1) [/home/frizik/MOPEVM/fpga/Blink/Blink.srcs/sources_1/bd/system/ip/system_clk_wiz_1_0/system_clk_wiz_1_0.v:70]
Finished RTL Elaboration : Time (s): cpu = 00:00:10 ; elapsed = 00:00:10 . Memory (MB): peak = 1130.891 ; gain = 249.777 ; free physical = 809 ; free virtual = 8717
Finished RTL Optimization Phase 1 : Time (s): cpu = 00:00:10 ; elapsed = 00:00:10 . Memory (MB): peak = 1130.891 ; gain = 249.777 ; free physical = 809 ; free virtual = 8717
INFO: [Device 21-403] Loading part xc7a35ticsg324-1L
Constraint Validation Runtime : Time (s): cpu = 00:00:00.01 ; elapsed = 00:00:00.01 . Memory (MB): peak = 1340.016 ; gain = 0.000 ; free physical = 664 ; free virtual = 8563
Finished Constraint Validation : Time (s): cpu = 00:00:19 ; elapsed = 00:00:20 . Memory (MB): peak = 1340.016 ; gain = 458.902 ; free physical = 663 ; free virtual = 8563
Finished Loading Part and Timing Information : Time (s): cpu = 00:00:19 ; elapsed = 00:00:20 . Memory (MB): peak = 1340.016 ; gain = 458.902 ; free physical = 663 ; free virtual = 8563
Finished applying 'set_property' XDC Constraints : Time (s): cpu = 00:00:19 ; elapsed = 00:00:20 . Memory (MB): peak = 1340.016 ; gain = 458.902 ; free physical = 663 ; free virtual = 8563
Finished RTL Optimization Phase 2 : Time (s): cpu = 00:00:19 ; elapsed = 00:00:20 . Memory (MB): peak = 1340.016 ; gain = 458.902 ; free physical = 663 ; free virtual = 8563
Finished Cross Boundary and Area Optimization : Time (s): cpu = 00:00:20 ; elapsed = 00:00:20 . Memory (MB): peak = 1340.016 ; gain = 458.902 ; free physical = 663 ; free virtual = 8563
Finished Applying XDC Timing Constraints : Time (s): cpu = 00:00:28 ; elapsed = 00:00:28 . Memory (MB): peak = 1359.016 ; gain = 477.902 ; free physical = 616 ; free virtual = 8518
Finished Timing Optimization : Time (s): cpu = 00:00:28 ; elapsed = 00:00:28 . Memory (MB): peak = 1359.016 ; gain = 477.902 ; free physical = 616 ; free virtual = 8518
Finished Technology Mapping : Time (s): cpu = 00:00:28 ; elapsed = 00:00:28 . Memory (MB): peak = 1369.031 ; gain = 487.918 ; free physical = 607 ; free virtual = 8509
Finished IO Insertion : Time (s): cpu = 00:00:28 ; elapsed = 00:00:29 . Memory (MB): peak = 1369.031 ; gain = 487.918 ; free physical = 607 ; free virtual = 8509
Finished Renaming Generated Instances : Time (s): cpu = 00:00:28 ; elapsed = 00:00:29 . Memory (MB): peak = 1369.031 ; gain = 487.918 ; free physical = 607 ; free virtual = 8509
Finished Rebuilding User Hierarchy : Time (s): cpu = 00:00:28 ; elapsed = 00:00:29 . Memory (MB): peak = 1369.031 ; gain = 487.918 ; free physical = 607 ; free virtual = 8509
Finished Renaming Generated Ports : Time (s): cpu = 00:00:28 ; elapsed = 00:00:29 . Memory (MB): peak = 1369.031 ; gain = 487.918 ; free physical = 607 ; free virtual = 8509
Finished Handling Custom Attributes : Time (s): cpu = 00:00:28 ; elapsed = 00:00:29 . Memory (MB): peak = 1369.031 ; gain = 487.918 ; free physical = 607 ; free virtual = 8509
Finished Renaming Generated Nets : Time (s): cpu = 00:00:28 ; elapsed = 00:00:29 . Memory (MB): peak = 1369.031 ; gain = 487.918 ; free physical = 607 ; free virtual = 8509

Report Cell Usage: 
+------+-----------+------+
|      |Cell       |Count |
+------+-----------+------+
|1     |BUFG       |     2|
|2     |MMCME2_ADV |     1|
|3     |IBUF       |     1|
+------+-----------+------+
Finished Writing Synthesis Report : Time (s): cpu = 00:00:28 ; elapsed = 00:00:29 . Memory (MB): peak = 1369.031 ; gain = 487.918 ; free physical = 607 ; free virtual = 8509
synth_design: Time (s): cpu = 00:00:27 ; elapsed = 00:00:27 . Memory (MB): peak = 1704.176 ; gain = 696.336 ; free physical = 295 ; free virtual = 8198
